[10-Oct-2016 12:25:40 UTC] PHP Warning:  session_start(): Cannot send session cache limiter - headers already sent (output started at /Applications/MAMP/htdocs/website/wordpress/wp-settings.php:321) in /Applications/MAMP/htdocs/website/wordpress/wp-content/plugins/unyson/framework/helpers/class-fw-flash-messages.php on line 241
[10-Oct-2016 12:27:30 UTC] PHP Warning:  session_start(): Cannot send session cache limiter - headers already sent (output started at /Applications/MAMP/htdocs/website/wordpress/wp-settings.php:321) in /Applications/MAMP/htdocs/website/wordpress/wp-content/plugins/unyson/framework/helpers/class-fw-flash-messages.php on line 241
[10-Oct-2016 16:32:58 UTC] PHP Catchable fatal error:  Object of class wpdb could not be converted to string in /Applications/MAMP/htdocs/website/wordpress/wp-includes/wp-db.php on line 1459
[10-Oct-2016 16:33:20 UTC] PHP Warning:  session_start(): Cannot send session cache limiter - headers already sent (output started at /Applications/MAMP/htdocs/website/wordpress/wp-config.php:99) in /Applications/MAMP/htdocs/website/wordpress/wp-content/plugins/unyson/framework/helpers/class-fw-flash-messages.php on line 241
[11-Oct-2016 12:22:54 UTC] PHP Notice:  Unknown events provider "" specified for calendar shortcode in /Applications/MAMP/htdocs/website/wordpress/wp-content/plugins/unyson/framework/extensions/shortcodes/shortcodes/calendar/class-fw-shortcode-calendar.php on line 139
[11-Oct-2016 12:23:00 UTC] PHP Notice:  Unknown events provider "" specified for calendar shortcode in /Applications/MAMP/htdocs/website/wordpress/wp-content/plugins/unyson/framework/extensions/shortcodes/shortcodes/calendar/class-fw-shortcode-calendar.php on line 139
[11-Oct-2016 12:23:53 UTC] PHP Notice:  Unknown events provider "" specified for calendar shortcode in /Applications/MAMP/htdocs/website/wordpress/wp-content/plugins/unyson/framework/extensions/shortcodes/shortcodes/calendar/class-fw-shortcode-calendar.php on line 139
[11-Oct-2016 12:24:18 UTC] PHP Notice:  Unknown events provider "" specified for calendar shortcode in /Applications/MAMP/htdocs/website/wordpress/wp-content/plugins/unyson/framework/extensions/shortcodes/shortcodes/calendar/class-fw-shortcode-calendar.php on line 139
[11-Oct-2016 12:52:16 UTC] PHP Notice:  Unknown events provider "" specified for calendar shortcode in /Applications/MAMP/htdocs/website/wordpress/wp-content/plugins/unyson/framework/extensions/shortcodes/shortcodes/calendar/class-fw-shortcode-calendar.php on line 144
[11-Oct-2016 12:55:11 UTC] PHP Notice:  Unknown events provider "" specified for calendar shortcode in /Applications/MAMP/htdocs/website/wordpress/wp-content/plugins/unyson/framework/extensions/shortcodes/shortcodes/calendar/class-fw-shortcode-calendar.php on line 145
[11-Oct-2016 12:56:38 UTC] PHP Notice:  Unknown events provider "" specified for calendar shortcode in /Applications/MAMP/htdocs/website/wordpress/wp-content/plugins/unyson/framework/extensions/shortcodes/shortcodes/calendar/class-fw-shortcode-calendar.php on line 145
[11-Oct-2016 13:00:03 UTC] PHP Notice:  Unknown events provider "" specified for calendar shortcode in /Applications/MAMP/htdocs/website/wordpress/wp-content/plugins/unyson/framework/extensions/shortcodes/shortcodes/calendar/class-fw-shortcode-calendar.php on line 140
[11-Oct-2016 13:01:58 UTC] PHP Notice:  Unknown events provider "" specified for calendar shortcode in /Applications/MAMP/htdocs/website/wordpress/wp-content/plugins/unyson/framework/extensions/shortcodes/shortcodes/calendar/class-fw-shortcode-calendar.php on line 140
[11-Oct-2016 13:03:34 UTC] PHP Notice:  Unknown events provider "" specified for calendar shortcode in /Applications/MAMP/htdocs/website/wordpress/wp-content/plugins/unyson/framework/extensions/shortcodes/shortcodes/calendar/class-fw-shortcode-calendar.php on line 140
[11-Oct-2016 13:16:38 UTC] PHP Notice:  Unknown events provider "" specified for calendar shortcode in /Applications/MAMP/htdocs/website/wordpress/wp-content/plugins/unyson/framework/extensions/shortcodes/shortcodes/calendar/class-fw-shortcode-calendar.php on line 140
[11-Oct-2016 13:36:44 UTC] PHP Notice:  Unknown events provider "" specified for calendar shortcode in /Applications/MAMP/htdocs/website/wordpress/wp-content/plugins/unyson/framework/extensions/shortcodes/shortcodes/calendar/class-fw-shortcode-calendar.php on line 140
[11-Oct-2016 13:43:30 UTC] PHP Notice:  Unknown events provider "" specified for calendar shortcode in /Applications/MAMP/htdocs/website/wordpress/wp-content/plugins/unyson/framework/extensions/shortcodes/shortcodes/calendar/class-fw-shortcode-calendar.php on line 140
[11-Oct-2016 13:46:38 UTC] PHP Notice:  Unknown events provider "" specified for calendar shortcode in /Applications/MAMP/htdocs/website/wordpress/wp-content/plugins/unyson/framework/extensions/shortcodes/shortcodes/calendar/class-fw-shortcode-calendar.php on line 140
[11-Oct-2016 13:46:41 UTC] PHP Notice:  Unknown events provider "" specified for calendar shortcode in /Applications/MAMP/htdocs/website/wordpress/wp-content/plugins/unyson/framework/extensions/shortcodes/shortcodes/calendar/class-fw-shortcode-calendar.php on line 140
[11-Oct-2016 13:46:44 UTC] PHP Notice:  Unknown events provider "" specified for calendar shortcode in /Applications/MAMP/htdocs/website/wordpress/wp-content/plugins/unyson/framework/extensions/shortcodes/shortcodes/calendar/class-fw-shortcode-calendar.php on line 140
[11-Oct-2016 13:46:54 UTC] PHP Notice:  Unknown events provider "" specified for calendar shortcode in /Applications/MAMP/htdocs/website/wordpress/wp-content/plugins/unyson/framework/extensions/shortcodes/shortcodes/calendar/class-fw-shortcode-calendar.php on line 140
[11-Oct-2016 13:48:44 UTC] PHP Notice:  Unknown events provider "" specified for calendar shortcode in /Applications/MAMP/htdocs/website/wordpress/wp-content/plugins/unyson/framework/extensions/shortcodes/shortcodes/calendar/class-fw-shortcode-calendar.php on line 140
[11-Oct-2016 13:48:46 UTC] PHP Notice:  Unknown events provider "" specified for calendar shortcode in /Applications/MAMP/htdocs/website/wordpress/wp-content/plugins/unyson/framework/extensions/shortcodes/shortcodes/calendar/class-fw-shortcode-calendar.php on line 140
[11-Oct-2016 13:48:47 UTC] PHP Notice:  Unknown events provider "" specified for calendar shortcode in /Applications/MAMP/htdocs/website/wordpress/wp-content/plugins/unyson/framework/extensions/shortcodes/shortcodes/calendar/class-fw-shortcode-calendar.php on line 140
[11-Oct-2016 13:48:50 UTC] PHP Notice:  Unknown events provider "" specified for calendar shortcode in /Applications/MAMP/htdocs/website/wordpress/wp-content/plugins/unyson/framework/extensions/shortcodes/shortcodes/calendar/class-fw-shortcode-calendar.php on line 140
[11-Oct-2016 13:49:28 UTC] PHP Notice:  Unknown events provider "" specified for calendar shortcode in /Applications/MAMP/htdocs/website/wordpress/wp-content/plugins/unyson/framework/extensions/shortcodes/shortcodes/calendar/class-fw-shortcode-calendar.php on line 140
[11-Oct-2016 13:49:35 UTC] PHP Notice:  Unknown events provider "" specified for calendar shortcode in /Applications/MAMP/htdocs/website/wordpress/wp-content/plugins/unyson/framework/extensions/shortcodes/shortcodes/calendar/class-fw-shortcode-calendar.php on line 140
[11-Oct-2016 13:49:38 UTC] PHP Notice:  Unknown events provider "" specified for calendar shortcode in /Applications/MAMP/htdocs/website/wordpress/wp-content/plugins/unyson/framework/extensions/shortcodes/shortcodes/calendar/class-fw-shortcode-calendar.php on line 140
[11-Oct-2016 13:49:40 UTC] PHP Notice:  Unknown events provider "" specified for calendar shortcode in /Applications/MAMP/htdocs/website/wordpress/wp-content/plugins/unyson/framework/extensions/shortcodes/shortcodes/calendar/class-fw-shortcode-calendar.php on line 140
[11-Oct-2016 13:53:16 UTC] PHP Notice:  Unknown events provider "" specified for calendar shortcode in /Applications/MAMP/htdocs/website/wordpress/wp-content/plugins/unyson/framework/extensions/shortcodes/shortcodes/calendar/class-fw-shortcode-calendar.php on line 140
[11-Oct-2016 13:53:18 UTC] PHP Notice:  Unknown events provider "" specified for calendar shortcode in /Applications/MAMP/htdocs/website/wordpress/wp-content/plugins/unyson/framework/extensions/shortcodes/shortcodes/calendar/class-fw-shortcode-calendar.php on line 140
[11-Oct-2016 13:53:20 UTC] PHP Notice:  Unknown events provider "" specified for calendar shortcode in /Applications/MAMP/htdocs/website/wordpress/wp-content/plugins/unyson/framework/extensions/shortcodes/shortcodes/calendar/class-fw-shortcode-calendar.php on line 140
[11-Oct-2016 13:53:24 UTC] PHP Notice:  Unknown events provider "" specified for calendar shortcode in /Applications/MAMP/htdocs/website/wordpress/wp-content/plugins/unyson/framework/extensions/shortcodes/shortcodes/calendar/class-fw-shortcode-calendar.php on line 140
[11-Oct-2016 13:56:18 UTC] PHP Notice:  Unknown events provider "" specified for calendar shortcode in /Applications/MAMP/htdocs/website/wordpress/wp-content/plugins/unyson/framework/extensions/shortcodes/shortcodes/calendar/class-fw-shortcode-calendar.php on line 140
[11-Oct-2016 13:57:58 UTC] PHP Notice:  Unknown events provider "" specified for calendar shortcode in /Applications/MAMP/htdocs/website/wordpress/wp-content/plugins/unyson/framework/extensions/shortcodes/shortcodes/calendar/class-fw-shortcode-calendar.php on line 140
[11-Oct-2016 14:05:55 UTC] PHP Notice:  Unknown events provider "" specified for calendar shortcode in /Applications/MAMP/htdocs/website/wordpress/wp-content/plugins/unyson/framework/extensions/shortcodes/shortcodes/calendar/class-fw-shortcode-calendar.php on line 140
[11-Oct-2016 14:06:09 UTC] PHP Notice:  Unknown events provider "" specified for calendar shortcode in /Applications/MAMP/htdocs/website/wordpress/wp-content/plugins/unyson/framework/extensions/shortcodes/shortcodes/calendar/class-fw-shortcode-calendar.php on line 140
[11-Oct-2016 14:07:49 UTC] PHP Notice:  Unknown events provider "" specified for calendar shortcode in /Applications/MAMP/htdocs/website/wordpress/wp-content/plugins/unyson/framework/extensions/shortcodes/shortcodes/calendar/class-fw-shortcode-calendar.php on line 140
[11-Oct-2016 14:08:29 UTC] PHP Notice:  Unknown events provider "" specified for calendar shortcode in /Applications/MAMP/htdocs/website/wordpress/wp-content/plugins/unyson/framework/extensions/shortcodes/shortcodes/calendar/class-fw-shortcode-calendar.php on line 140
[11-Oct-2016 14:23:17 UTC] PHP Notice:  Unknown events provider "" specified for calendar shortcode in /Applications/MAMP/htdocs/website/wordpress/wp-content/plugins/unyson/framework/extensions/shortcodes/shortcodes/calendar/class-fw-shortcode-calendar.php on line 140
[11-Oct-2016 14:25:22 UTC] PHP Notice:  Unknown events provider "" specified for calendar shortcode in /Applications/MAMP/htdocs/website/wordpress/wp-content/plugins/unyson/framework/extensions/shortcodes/shortcodes/calendar/class-fw-shortcode-calendar.php on line 140
[11-Oct-2016 14:26:58 UTC] PHP Notice:  Unknown events provider "" specified for calendar shortcode in /Applications/MAMP/htdocs/website/wordpress/wp-content/plugins/unyson/framework/extensions/shortcodes/shortcodes/calendar/class-fw-shortcode-calendar.php on line 140
[11-Oct-2016 14:27:37 UTC] PHP Notice:  Unknown events provider "" specified for calendar shortcode in /Applications/MAMP/htdocs/website/wordpress/wp-content/plugins/unyson/framework/extensions/shortcodes/shortcodes/calendar/class-fw-shortcode-calendar.php on line 140
[11-Oct-2016 14:28:39 UTC] PHP Notice:  Unknown events provider "" specified for calendar shortcode in /Applications/MAMP/htdocs/website/wordpress/wp-content/plugins/unyson/framework/extensions/shortcodes/shortcodes/calendar/class-fw-shortcode-calendar.php on line 140
[11-Oct-2016 14:30:52 UTC] PHP Notice:  Unknown events provider "" specified for calendar shortcode in /Applications/MAMP/htdocs/website/wordpress/wp-content/plugins/unyson/framework/extensions/shortcodes/shortcodes/calendar/class-fw-shortcode-calendar.php on line 140
[11-Oct-2016 18:16:45 UTC] PHP Notice:  Unknown events provider "" specified for calendar shortcode in /Applications/MAMP/htdocs/website/wordpress/wp-content/plugins/unyson/framework/extensions/shortcodes/shortcodes/calendar/class-fw-shortcode-calendar.php on line 140
[11-Oct-2016 18:56:24 UTC] PHP Notice:  Unknown events provider "" specified for calendar shortcode in /Applications/MAMP/htdocs/website/wordpress/wp-content/plugins/unyson/framework/extensions/shortcodes/shortcodes/calendar/class-fw-shortcode-calendar.php on line 140
[11-Oct-2016 18:57:16 UTC] PHP Notice:  Unknown events provider "" specified for calendar shortcode in /Applications/MAMP/htdocs/website/wordpress/wp-content/plugins/unyson/framework/extensions/shortcodes/shortcodes/calendar/class-fw-shortcode-calendar.php on line 140
[11-Oct-2016 19:15:49 UTC] PHP Notice:  Unknown events provider "" specified for calendar shortcode in /Applications/MAMP/htdocs/website/wordpress/wp-content/plugins/unyson/framework/extensions/shortcodes/shortcodes/calendar/class-fw-shortcode-calendar.php on line 140
[11-Oct-2016 19:16:51 UTC] PHP Notice:  Unknown events provider "" specified for calendar shortcode in /Applications/MAMP/htdocs/website/wordpress/wp-content/plugins/unyson/framework/extensions/shortcodes/shortcodes/calendar/class-fw-shortcode-calendar.php on line 143
[11-Oct-2016 19:17:27 UTC] PHP Notice:  Unknown events provider "" specified for calendar shortcode in /Applications/MAMP/htdocs/website/wordpress/wp-content/plugins/unyson/framework/extensions/shortcodes/shortcodes/calendar/class-fw-shortcode-calendar.php on line 144
[11-Oct-2016 19:18:58 UTC] PHP Warning:  Invalid argument supplied for foreach() in /Applications/MAMP/htdocs/website/wordpress/wp-content/plugins/unyson/framework/extensions/shortcodes/shortcodes/calendar/class-fw-shortcode-calendar.php on line 140
[11-Oct-2016 19:18:58 UTC] PHP Notice:  Unknown events provider "" specified for calendar shortcode in /Applications/MAMP/htdocs/website/wordpress/wp-content/plugins/unyson/framework/extensions/shortcodes/shortcodes/calendar/class-fw-shortcode-calendar.php on line 148
[11-Oct-2016 19:19:19 UTC] PHP Notice:  Unknown events provider "" specified for calendar shortcode in /Applications/MAMP/htdocs/website/wordpress/wp-content/plugins/unyson/framework/extensions/shortcodes/shortcodes/calendar/class-fw-shortcode-calendar.php on line 145
[11-Oct-2016 19:22:56 UTC] PHP Fatal error:  Cannot use isset() on the result of a function call (you can use "null !== func()" instead) in /Applications/MAMP/htdocs/website/wordpress/wp-content/plugins/unyson/framework/extensions/shortcodes/shortcodes/calendar/class-fw-shortcode-calendar.php on line 139
[11-Oct-2016 19:23:03 UTC] PHP Fatal error:  Cannot use isset() on the result of a function call (you can use "null !== func()" instead) in /Applications/MAMP/htdocs/website/wordpress/wp-content/plugins/unyson/framework/extensions/shortcodes/shortcodes/calendar/class-fw-shortcode-calendar.php on line 139
[11-Oct-2016 19:24:56 UTC] PHP Fatal error:  Cannot use isset() on the result of a function call (you can use "null !== func()" instead) in /Applications/MAMP/htdocs/website/wordpress/wp-content/plugins/unyson/framework/extensions/shortcodes/shortcodes/calendar/class-fw-shortcode-calendar.php on line 139
[11-Oct-2016 19:27:00 UTC] PHP Notice:  Undefined index:  in /Applications/MAMP/htdocs/website/wordpress/wp-content/plugins/unyson/framework/extensions/shortcodes/shortcodes/calendar/class-fw-shortcode-calendar.php on line 140
[11-Oct-2016 19:27:00 UTC] PHP Notice:  Unknown events provider "" specified for calendar shortcode in /Applications/MAMP/htdocs/website/wordpress/wp-content/plugins/unyson/framework/extensions/shortcodes/shortcodes/calendar/class-fw-shortcode-calendar.php on line 149
[11-Oct-2016 19:27:58 UTC] PHP Notice:  Undefined index:  in /Applications/MAMP/htdocs/website/wordpress/wp-content/plugins/unyson/framework/extensions/shortcodes/shortcodes/calendar/class-fw-shortcode-calendar.php on line 140
[11-Oct-2016 19:27:58 UTC] PHP Notice:  Unknown events provider "" specified for calendar shortcode in /Applications/MAMP/htdocs/website/wordpress/wp-content/plugins/unyson/framework/extensions/shortcodes/shortcodes/calendar/class-fw-shortcode-calendar.php on line 149
[11-Oct-2016 19:29:43 UTC] PHP Notice:  Undefined index:  in /Applications/MAMP/htdocs/website/wordpress/wp-content/plugins/unyson/framework/extensions/shortcodes/shortcodes/calendar/class-fw-shortcode-calendar.php on line 140
[11-Oct-2016 19:29:43 UTC] PHP Notice:  Unknown events provider "" specified for calendar shortcode in /Applications/MAMP/htdocs/website/wordpress/wp-content/plugins/unyson/framework/extensions/shortcodes/shortcodes/calendar/class-fw-shortcode-calendar.php on line 149
[11-Oct-2016 19:30:54 UTC] PHP Notice:  Unknown events provider "" specified for calendar shortcode in /Applications/MAMP/htdocs/website/wordpress/wp-content/plugins/unyson/framework/extensions/shortcodes/shortcodes/calendar/class-fw-shortcode-calendar.php on line 141
[11-Oct-2016 19:31:15 UTC] PHP Notice:  Unknown events provider "" specified for calendar shortcode in /Applications/MAMP/htdocs/website/wordpress/wp-content/plugins/unyson/framework/extensions/shortcodes/shortcodes/calendar/class-fw-shortcode-calendar.php on line 141
[11-Oct-2016 19:34:29 UTC] PHP Notice:  Unknown events provider "" specified for calendar shortcode in /Applications/MAMP/htdocs/website/wordpress/wp-content/plugins/unyson/framework/extensions/shortcodes/shortcodes/calendar/class-fw-shortcode-calendar.php on line 142
[11-Oct-2016 19:35:08 UTC] PHP Notice:  Unknown events provider "" specified for calendar shortcode in /Applications/MAMP/htdocs/website/wordpress/wp-content/plugins/unyson/framework/extensions/shortcodes/shortcodes/calendar/class-fw-shortcode-calendar.php on line 142
[11-Oct-2016 20:09:49 UTC] PHP Notice:  Unknown events provider "" specified for calendar shortcode in /Applications/MAMP/htdocs/website/wordpress/wp-content/plugins/unyson/framework/extensions/shortcodes/shortcodes/calendar/class-fw-shortcode-calendar.php on line 142
[11-Oct-2016 20:12:50 UTC] PHP Notice:  Unknown events provider "" specified for calendar shortcode in /Applications/MAMP/htdocs/website/wordpress/wp-content/plugins/unyson/framework/extensions/shortcodes/shortcodes/calendar/class-fw-shortcode-calendar.php on line 142
[11-Oct-2016 20:24:18 UTC] PHP Notice:  Unknown events provider "" specified for calendar shortcode in /Applications/MAMP/htdocs/website/wordpress/wp-content/plugins/unyson/framework/extensions/shortcodes/shortcodes/calendar/class-fw-shortcode-calendar.php on line 142
[11-Oct-2016 21:23:45 UTC] PHP Warning:  mysqli_real_connect(): (HY000/2002): No such file or directory in /Applications/MAMP/htdocs/website/wordpress/wp-includes/wp-db.php on line 1492
[11-Oct-2016 21:23:45 UTC] PHP Deprecated:  mysql_connect(): The mysql extension is deprecated and will be removed in the future: use mysqli or PDO instead in /Applications/MAMP/htdocs/website/wordpress/wp-includes/wp-db.php on line 1522
[11-Oct-2016 21:23:45 UTC] PHP Warning:  mysql_connect(): No such file or directory in /Applications/MAMP/htdocs/website/wordpress/wp-includes/wp-db.php on line 1522
[12-Oct-2016 10:52:08 UTC] PHP Warning:  mysqli_real_connect(): (HY000/2002): No such file or directory in /Applications/MAMP/htdocs/website/wordpress/wp-includes/wp-db.php on line 1492
[12-Oct-2016 10:52:08 UTC] PHP Stack trace:
[12-Oct-2016 10:52:08 UTC] PHP   1. {main}() /Applications/MAMP/htdocs/website/wordpress/wp-admin/admin-ajax.php:0
[12-Oct-2016 10:52:08 UTC] PHP   2. require_once() /Applications/MAMP/htdocs/website/wordpress/wp-admin/admin-ajax.php:22
[12-Oct-2016 10:52:08 UTC] PHP   3. require_once() /Applications/MAMP/htdocs/website/wordpress/wp-load.php:37
[12-Oct-2016 10:52:08 UTC] PHP   4. require_once() /Applications/MAMP/htdocs/website/wordpress/wp-config.php:117
[12-Oct-2016 10:52:08 UTC] PHP   5. require_wp_db() /Applications/MAMP/htdocs/website/wordpress/wp-settings.php:88
[12-Oct-2016 10:52:08 UTC] PHP   6. wpdb->__construct() /Applications/MAMP/htdocs/website/wordpress/wp-includes/load.php:371
[12-Oct-2016 10:52:08 UTC] PHP   7. wpdb->db_connect() /Applications/MAMP/htdocs/website/wordpress/wp-includes/wp-db.php:658
[12-Oct-2016 10:52:08 UTC] PHP   8. mysqli_real_connect() /Applications/MAMP/htdocs/website/wordpress/wp-includes/wp-db.php:1492
[12-Oct-2016 10:52:08 UTC] PHP Deprecated:  mysql_connect(): The mysql extension is deprecated and will be removed in the future: use mysqli or PDO instead in /Applications/MAMP/htdocs/website/wordpress/wp-includes/wp-db.php on line 1522
[12-Oct-2016 10:52:08 UTC] PHP Stack trace:
[12-Oct-2016 10:52:08 UTC] PHP   1. {main}() /Applications/MAMP/htdocs/website/wordpress/wp-admin/admin-ajax.php:0
[12-Oct-2016 10:52:08 UTC] PHP   2. require_once() /Applications/MAMP/htdocs/website/wordpress/wp-admin/admin-ajax.php:22
[12-Oct-2016 10:52:08 UTC] PHP   3. require_once() /Applications/MAMP/htdocs/website/wordpress/wp-load.php:37
[12-Oct-2016 10:52:08 UTC] PHP   4. require_once() /Applications/MAMP/htdocs/website/wordpress/wp-config.php:117
[12-Oct-2016 10:52:08 UTC] PHP   5. require_wp_db() /Applications/MAMP/htdocs/website/wordpress/wp-settings.php:88
[12-Oct-2016 10:52:08 UTC] PHP   6. wpdb->__construct() /Applications/MAMP/htdocs/website/wordpress/wp-includes/load.php:371
[12-Oct-2016 10:52:08 UTC] PHP   7. wpdb->db_connect() /Applications/MAMP/htdocs/website/wordpress/wp-includes/wp-db.php:658
[12-Oct-2016 10:52:08 UTC] PHP   8. wpdb->db_connect() /Applications/MAMP/htdocs/website/wordpress/wp-includes/wp-db.php:1517
[12-Oct-2016 10:52:08 UTC] PHP   9. mysql_connect() /Applications/MAMP/htdocs/website/wordpress/wp-includes/wp-db.php:1522
[12-Oct-2016 10:52:08 UTC] PHP Warning:  mysql_connect(): No such file or directory in /Applications/MAMP/htdocs/website/wordpress/wp-includes/wp-db.php on line 1522
[12-Oct-2016 10:52:08 UTC] PHP Stack trace:
[12-Oct-2016 10:52:08 UTC] PHP   1. {main}() /Applications/MAMP/htdocs/website/wordpress/wp-admin/admin-ajax.php:0
[12-Oct-2016 10:52:08 UTC] PHP   2. require_once() /Applications/MAMP/htdocs/website/wordpress/wp-admin/admin-ajax.php:22
[12-Oct-2016 10:52:08 UTC] PHP   3. require_once() /Applications/MAMP/htdocs/website/wordpress/wp-load.php:37
[12-Oct-2016 10:52:08 UTC] PHP   4. require_once() /Applications/MAMP/htdocs/website/wordpress/wp-config.php:117
[12-Oct-2016 10:52:08 UTC] PHP   5. require_wp_db() /Applications/MAMP/htdocs/website/wordpress/wp-settings.php:88
[12-Oct-2016 10:52:08 UTC] PHP   6. wpdb->__construct() /Applications/MAMP/htdocs/website/wordpress/wp-includes/load.php:371
[12-Oct-2016 10:52:08 UTC] PHP   7. wpdb->db_connect() /Applications/MAMP/htdocs/website/wordpress/wp-includes/wp-db.php:658
[12-Oct-2016 10:52:08 UTC] PHP   8. wpdb->db_connect() /Applications/MAMP/htdocs/website/wordpress/wp-includes/wp-db.php:1517
[12-Oct-2016 10:52:08 UTC] PHP   9. mysql_connect() /Applications/MAMP/htdocs/website/wordpress/wp-includes/wp-db.php:1522
[09-Jan-2017 20:46:24 UTC] PHP Warning:  An unexpected error occurred. Something may be wrong with WordPress.org or this server&#8217;s configuration. If you continue to have problems, please try the <a href="https://wordpress.org/support/">support forums</a>. (WordPress could not establish a secure connection to WordPress.org. Please contact your server administrator.) in /Applications/MAMP/htdocs/website/wordpress/wp-includes/update.php on line 123
[09-Jan-2017 20:46:24 UTC] PHP Stack trace:
[09-Jan-2017 20:46:24 UTC] PHP   1. {main}() /Applications/MAMP/htdocs/website/wordpress/wp-admin/index.php:0
[09-Jan-2017 20:46:24 UTC] PHP   2. require_once() /Applications/MAMP/htdocs/website/wordpress/wp-admin/index.php:10
[09-Jan-2017 20:46:24 UTC] PHP   3. do_action() /Applications/MAMP/htdocs/website/wordpress/wp-admin/admin.php:168
[09-Jan-2017 20:46:24 UTC] PHP   4. call_user_func_array:{/Applications/MAMP/htdocs/website/wordpress/wp-includes/plugin.php:525}() /Applications/MAMP/htdocs/website/wordpress/wp-includes/plugin.php:525
[09-Jan-2017 20:46:24 UTC] PHP   5. _maybe_update_core() /Applications/MAMP/htdocs/website/wordpress/wp-includes/plugin.php:525
[09-Jan-2017 20:46:24 UTC] PHP   6. wp_version_check() /Applications/MAMP/htdocs/website/wordpress/wp-includes/update.php:615
[09-Jan-2017 20:46:24 UTC] PHP   7. trigger_error() /Applications/MAMP/htdocs/website/wordpress/wp-includes/update.php:123
[09-Jan-2017 20:46:30 UTC] PHP Warning:  session_start(): Cannot send session cache limiter - headers already sent (output started at /Applications/MAMP/htdocs/website/wordpress/wp-includes/update.php:123) in /Applications/MAMP/htdocs/website/wordpress/wp-content/plugins/unyson/framework/helpers/class-fw-flash-messages.php on line 214
[09-Jan-2017 20:46:30 UTC] PHP Stack trace:
[09-Jan-2017 20:46:30 UTC] PHP   1. {main}() /Applications/MAMP/htdocs/website/wordpress/wp-admin/index.php:0
[09-Jan-2017 20:46:30 UTC] PHP   2. require_once() /Applications/MAMP/htdocs/website/wordpress/wp-admin/index.php:10
[09-Jan-2017 20:46:30 UTC] PHP   3. set_current_screen() /Applications/MAMP/htdocs/website/wordpress/wp-admin/admin.php:201
[09-Jan-2017 20:46:30 UTC] PHP   4. WP_Screen->set_current_screen() /Applications/MAMP/htdocs/website/wordpress/wp-admin/includes/screen.php:223
[09-Jan-2017 20:46:30 UTC] PHP   5. do_action() /Applications/MAMP/htdocs/website/wordpress/wp-admin/includes/class-wp-screen.php:393
[09-Jan-2017 20:46:30 UTC] PHP   6. call_user_func_array:{/Applications/MAMP/htdocs/website/wordpress/wp-includes/plugin.php:525}() /Applications/MAMP/htdocs/website/wordpress/wp-includes/plugin.php:525
[09-Jan-2017 20:46:30 UTC] PHP   7. _action_fw_flash_message_backend_prepare() /Applications/MAMP/htdocs/website/wordpress/wp-includes/plugin.php:525
[09-Jan-2017 20:46:30 UTC] PHP   8. session_start() /Applications/MAMP/htdocs/website/wordpress/wp-content/plugins/unyson/framework/helpers/class-fw-flash-messages.php:214
[09-Jan-2017 20:47:42 UTC] PHP Warning:  An unexpected error occurred. Something may be wrong with WordPress.org or this server&#8217;s configuration. If you continue to have problems, please try the <a href="https://wordpress.org/support/">support forums</a>. (WordPress could not establish a secure connection to WordPress.org. Please contact your server administrator.) in /Applications/MAMP/htdocs/website/wordpress/wp-admin/includes/update.php on line 115
[09-Jan-2017 20:47:42 UTC] PHP Stack trace:
[09-Jan-2017 20:47:42 UTC] PHP   1. {main}() /Applications/MAMP/htdocs/website/wordpress/wp-admin/update-core.php:0
[09-Jan-2017 20:47:42 UTC] PHP   2. do_core_upgrade() /Applications/MAMP/htdocs/website/wordpress/wp-admin/update-core.php:643
[09-Jan-2017 20:47:42 UTC] PHP   3. Core_Upgrader->upgrade() /Applications/MAMP/htdocs/website/wordpress/wp-admin/update-core.php:491
[09-Jan-2017 20:47:42 UTC] PHP   4. Core_Upgrader->check_files() /Applications/MAMP/htdocs/website/wordpress/wp-admin/includes/class-wp-upgrader.php:2298
[09-Jan-2017 20:47:42 UTC] PHP   5. get_core_checksums() /Applications/MAMP/htdocs/website/wordpress/wp-admin/includes/class-wp-upgrader.php:2553
[09-Jan-2017 20:47:42 UTC] PHP   6. trigger_error() /Applications/MAMP/htdocs/website/wordpress/wp-admin/includes/update.php:115
